build/app/intermediates/manifest_merge_blame_file/debug/manifest-merger-blame-debug-report.txt
1<?xml version="1.0" encoding="utf-8"?>
2<manifest xmlns:android="http://schemas.android.com/apk/res/android"
3    package="com.example.personal_assistant_app"
4    android:versionCode="1"
5    android:versionName="1.0.0" >
6
7    <uses-sdk
8        android:minSdkVersion="21"
9        android:targetSdkVersion="33" />
10    <!--
11         The INTERNET permission is required for development. Specifically,
12         the Flutter tool needs it to communicate with the running application
13         to allow setting breakpoints, to provide hot reload, etc.
14    -->
15    <uses-permission android:name="android.permission.INTERNET" />
15-->src\debug\AndroidManifest.xml:6:5-66
15-->src\debug\AndroidManifest.xml:6:22-64
16    <!-- Permissions should be declared here, outside of the <application> tag -->
17    <uses-permission android:name="android.permission.ACCESS_NOTIFICATION_POLICY" />
17-->src\main\AndroidManifest.xml:5:5-84
17-->src\main\AndroidManifest.xml:5:22-82
18    <uses-permission android:name="android.permission.SYSTEM_ALERT_WINDOW" />
18-->src\main\AndroidManifest.xml:6:5-77
18-->src\main\AndroidManifest.xml:6:22-75
19    <uses-permission android:name="android.permission.SCHEDULE_EXACT_ALARM" /> <!-- Your other permissions and queries go here -->
19-->src\main\AndroidManifest.xml:7:5-79
19-->src\main\AndroidManifest.xml:7:22-76
20    <uses-permission android:name="android.permission.VIBRATE" />
20-->src\main\AndroidManifest.xml:37:5-65
20-->src\main\AndroidManifest.xml:37:22-63
21    <uses-permission android:name="android.permission.RECEIVE_BOOT_COMPLETED" /> <!-- Querying for text processing -->
21-->src\main\AndroidManifest.xml:38:5-81
21-->src\main\AndroidManifest.xml:38:22-78
22    <queries>
22-->src\main\AndroidManifest.xml:41:5-46:15
23        <intent>
23-->src\main\AndroidManifest.xml:42:9-45:18
24            <action android:name="android.intent.action.PROCESS_TEXT" />
24-->src\main\AndroidManifest.xml:43:13-72
24-->src\main\AndroidManifest.xml:43:21-70
25
26            <data android:mimeType="text/plain" />
26-->src\main\AndroidManifest.xml:44:13-50
26-->src\main\AndroidManifest.xml:44:19-48
27        </intent>
28    </queries>
29
30    <uses-permission android:name="android.permission.WAKE_LOCK" />
30-->[:firebase_messaging] AndroidManifest.xml:10:5-68
30-->[:firebase_messaging] AndroidManifest.xml:10:22-65
31    <uses-permission android:name="android.permission.ACCESS_NETWORK_STATE" /> <!-- Permissions options for the `notification` group -->
31-->[:firebase_messaging] AndroidManifest.xml:11:5-79
31-->[:firebase_messaging] AndroidManifest.xml:11:22-76
32    <uses-permission android:name="android.permission.POST_NOTIFICATIONS" />
32-->[:firebase_messaging] AndroidManifest.xml:13:5-77
32-->[:firebase_messaging] AndroidManifest.xml:13:22-74
33    <uses-permission android:name="android.permission.USE_FULL_SCREEN_INTENT" /> <!-- Required by older versions of Google Play services to create IID tokens -->
33-->[:flutter_local_notifications] AndroidManifest.xml:11:5-81
33-->[:flutter_local_notifications] AndroidManifest.xml:11:22-78
34    <uses-permission android:name="com.google.android.c2dm.permission.RECEIVE" />
34-->[com.google.firebase:firebase-messaging:23.4.1] AndroidManifest.xml:26:5-82
34-->[com.google.firebase:firebase-messaging:23.4.1] AndroidManifest.xml:26:22-79
35    <uses-permission android:name="com.google.android.providers.gsf.permission.READ_GSERVICES" />
35-->[com.google.android.recaptcha:recaptcha:18.4.0] AndroidManifest.xml:9:5-98
35-->[com.google.android.recaptcha:recaptcha:18.4.0] AndroidManifest.xml:9:22-95
36
37    <application
38        android:name="android.app.Application"
39        android:appComponentFactory="androidx.core.app.CoreComponentFactory"
39-->[androidx.core:core:1.6.0] AndroidManifest.xml:24:18-86
40        android:debuggable="true"
41        android:icon="@mipmap/ic_launcher"
42        android:label="personal_assistant_app" >
43        <activity
44            android:name="com.example.personal_assistant_app.MainActivity"
45            android:configChanges="orientation|keyboardHidden|keyboard|screenSize|smallestScreenSize|locale|layoutDirection|fontScale|screenLayout|density|uiMode"
46            android:exported="true"
47            android:hardwareAccelerated="true"
48            android:launchMode="singleTop"
49            android:theme="@style/LaunchTheme"
50            android:windowSoftInputMode="adjustResize" >
51            <meta-data
52                android:name="io.flutter.embedding.android.NormalTheme"
53                android:resource="@style/NormalTheme" />
54
55            <intent-filter>
56                <action android:name="android.intent.action.MAIN" />
57
58                <category android:name="android.intent.category.LAUNCHER" />
59            </intent-filter>
60        </activity>
61        <!-- Flutter specific meta-data -->
62        <meta-data
63            android:name="flutterEmbedding"
64            android:value="2" />
65
66        <service
66-->[:firebase_auth] AndroidManifest.xml:10:9-14:19
67            android:name="com.google.firebase.components.ComponentDiscoveryService"
67-->[:firebase_auth] AndroidManifest.xml:10:18-89
68            android:directBootAware="true"
68-->[com.google.firebase:firebase-common:20.4.3] AndroidManifest.xml:32:13-43
69            android:exported="false" >
69-->[com.google.firebase:firebase-auth:22.3.1] AndroidManifest.xml:68:13-37
70            <meta-data
70-->[:firebase_auth] AndroidManifest.xml:11:13-13:85
71                android:name="com.google.firebase.components:io.flutter.plugins.firebase.auth.FlutterFirebaseAuthRegistrar"
71-->[:firebase_auth] AndroidManifest.xml:12:17-124
72                android:value="com.google.firebase.components.ComponentRegistrar" />
72-->[:firebase_auth] AndroidManifest.xml:13:17-82
73            <meta-data
73-->[:firebase_storage] AndroidManifest.xml:11:13-13:85
74                android:name="com.google.firebase.components:io.flutter.plugins.firebase.storage.FlutterFirebaseAppRegistrar"
74-->[:firebase_storage] AndroidManifest.xml:12:17-126
75                android:value="com.google.firebase.components.ComponentRegistrar" />
75-->[:firebase_storage] AndroidManifest.xml:13:17-82
76            <meta-data
76-->[:cloud_firestore] AndroidManifest.xml:11:13-13:85
77                android:name="com.google.firebase.components:io.flutter.plugins.firebase.firestore.FlutterFirebaseFirestoreRegistrar"
77-->[:cloud_firestore] AndroidManifest.xml:12:17-134
78                android:value="com.google.firebase.components.ComponentRegistrar" />
78-->[:cloud_firestore] AndroidManifest.xml:13:17-82
79            <meta-data
79-->[:firebase_messaging] AndroidManifest.xml:38:13-40:85
80                android:name="com.google.firebase.components:io.flutter.plugins.firebase.messaging.FlutterFirebaseAppRegistrar"
80-->[:firebase_messaging] AndroidManifest.xml:39:17-128
81                android:value="com.google.firebase.components.ComponentRegistrar" />
81-->[:firebase_messaging] AndroidManifest.xml:40:17-82
82            <meta-data
82-->[:firebase_core] AndroidManifest.xml:11:13-13:85
83                android:name="com.google.firebase.components:io.flutter.plugins.firebase.core.FlutterFirebaseCoreRegistrar"
83-->[:firebase_core] AndroidManifest.xml:12:17-124
84                android:value="com.google.firebase.components.ComponentRegistrar" />
84-->[:firebase_core] AndroidManifest.xml:13:17-82
85            <meta-data
85-->[com.google.firebase:firebase-auth:22.3.1] AndroidManifest.xml:69:13-71:85
86                android:name="com.google.firebase.components:com.google.firebase.auth.FirebaseAuthRegistrar"
86-->[com.google.firebase:firebase-auth:22.3.1] AndroidManifest.xml:70:17-109
87                android:value="com.google.firebase.components.ComponentRegistrar" />
87-->[com.google.firebase:firebase-auth:22.3.1] AndroidManifest.xml:71:17-82
88            <meta-data
88-->[com.google.firebase:firebase-firestore:24.11.0] AndroidManifest.xml:17:13-19:85
89                android:name="com.google.firebase.components:com.google.firebase.firestore.FirebaseFirestoreKtxRegistrar"
89-->[com.google.firebase:firebase-firestore:24.11.0] AndroidManifest.xml:18:17-122
90                android:value="com.google.firebase.components.ComponentRegistrar" />
90-->[com.google.firebase:firebase-firestore:24.11.0] AndroidManifest.xml:19:17-82
91            <meta-data
91-->[com.google.firebase:firebase-firestore:24.11.0] AndroidManifest.xml:20:13-22:85
92                android:name="com.google.firebase.components:com.google.firebase.firestore.FirestoreRegistrar"
92-->[com.google.firebase:firebase-firestore:24.11.0] AndroidManifest.xml:21:17-111
93                android:value="com.google.firebase.components.ComponentRegistrar" />
93-->[com.google.firebase:firebase-firestore:24.11.0] AndroidManifest.xml:22:17-82
94            <meta-data
94-->[com.google.firebase:firebase-messaging:23.4.1] AndroidManifest.xml:57:13-59:85
95                android:name="com.google.firebase.components:com.google.firebase.messaging.FirebaseMessagingKtxRegistrar"
95-->[com.google.firebase:firebase-messaging:23.4.1] AndroidManifest.xml:58:17-122
96                android:value="com.google.firebase.components.ComponentRegistrar" />
96-->[com.google.firebase:firebase-messaging:23.4.1] AndroidManifest.xml:59:17-82
97            <meta-data
97-->[com.google.firebase:firebase-messaging:23.4.1] AndroidManifest.xml:60:13-62:85
98                android:name="com.google.firebase.components:com.google.firebase.messaging.FirebaseMessagingRegistrar"
98-->[com.google.firebase:firebase-messaging:23.4.1] AndroidManifest.xml:61:17-119
99                android:value="com.google.firebase.components.ComponentRegistrar" />
99-->[com.google.firebase:firebase-messaging:23.4.1] AndroidManifest.xml:62:17-82
100            <meta-data
100-->[com.google.firebase:firebase-storage:20.3.0] AndroidManifest.xml:30:13-32:85
101                android:name="com.google.firebase.components:com.google.firebase.storage.FirebaseStorageKtxRegistrar"
101-->[com.google.firebase:firebase-storage:20.3.0] AndroidManifest.xml:31:17-118
102                android:value="com.google.firebase.components.ComponentRegistrar" />
102-->[com.google.firebase:firebase-storage:20.3.0] AndroidManifest.xml:32:17-82
103            <meta-data
103-->[com.google.firebase:firebase-storage:20.3.0] AndroidManifest.xml:33:13-35:85
104                android:name="com.google.firebase.components:com.google.firebase.storage.StorageRegistrar"
104-->[com.google.firebase:firebase-storage:20.3.0] AndroidManifest.xml:34:17-107
105                android:value="com.google.firebase.components.ComponentRegistrar" />
105-->[com.google.firebase:firebase-storage:20.3.0] AndroidManifest.xml:35:17-82
106            <meta-data
106-->[com.google.firebase:firebase-installations:17.2.0] AndroidManifest.xml:15:13-17:85
107                android:name="com.google.firebase.components:com.google.firebase.installations.FirebaseInstallationsKtxRegistrar"
107-->[com.google.firebase:firebase-installations:17.2.0] AndroidManifest.xml:16:17-130
108                android:value="com.google.firebase.components.ComponentRegistrar" />
108-->[com.google.firebase:firebase-installations:17.2.0] AndroidManifest.xml:17:17-82
109            <meta-data
109-->[com.google.firebase:firebase-installations:17.2.0] AndroidManifest.xml:18:13-20:85
110                android:name="com.google.firebase.components:com.google.firebase.installations.FirebaseInstallationsRegistrar"
110-->[com.google.firebase:firebase-installations:17.2.0] AndroidManifest.xml:19:17-127
111                android:value="com.google.firebase.components.ComponentRegistrar" />
111-->[com.google.firebase:firebase-installations:17.2.0] AndroidManifest.xml:20:17-82
112            <meta-data
112-->[com.google.firebase:firebase-appcheck:17.1.2] AndroidManifest.xml:25:13-27:85
113                android:name="com.google.firebase.components:com.google.firebase.appcheck.FirebaseAppCheckKtxRegistrar"
113-->[com.google.firebase:firebase-appcheck:17.1.2] AndroidManifest.xml:26:17-120
114                android:value="com.google.firebase.components.ComponentRegistrar" />
114-->[com.google.firebase:firebase-appcheck:17.1.2] AndroidManifest.xml:27:17-82
115            <meta-data
115-->[com.google.firebase:firebase-appcheck:17.1.2] AndroidManifest.xml:28:13-30:85
116                android:name="com.google.firebase.components:com.google.firebase.appcheck.FirebaseAppCheckRegistrar"
116-->[com.google.firebase:firebase-appcheck:17.1.2] AndroidManifest.xml:29:17-117
117                android:value="com.google.firebase.components.ComponentRegistrar" />
117-->[com.google.firebase:firebase-appcheck:17.1.2] AndroidManifest.xml:30:17-82
118            <meta-data
118-->[com.google.firebase:firebase-common-ktx:20.4.3] AndroidManifest.xml:12:13-14:85
119                android:name="com.google.firebase.components:com.google.firebase.ktx.FirebaseCommonLegacyRegistrar"
119-->[com.google.firebase:firebase-common-ktx:20.4.3] AndroidManifest.xml:13:17-116
120                android:value="com.google.firebase.components.ComponentRegistrar" />
120-->[com.google.firebase:firebase-common-ktx:20.4.3] AndroidManifest.xml:14:17-82
121            <meta-data
121-->[com.google.firebase:firebase-common:20.4.3] AndroidManifest.xml:35:13-37:85
122                android:name="com.google.firebase.components:com.google.firebase.FirebaseCommonKtxRegistrar"
122-->[com.google.firebase:firebase-common:20.4.3] AndroidManifest.xml:36:17-109
123                android:value="com.google.firebase.components.ComponentRegistrar" />
123-->[com.google.firebase:firebase-common:20.4.3] AndroidManifest.xml:37:17-82
124            <meta-data
124-->[com.google.firebase:firebase-datatransport:18.1.7] AndroidManifest.xml:27:13-29:85
125                android:name="com.google.firebase.components:com.google.firebase.datatransport.TransportRegistrar"
125-->[com.google.firebase:firebase-datatransport:18.1.7] AndroidManifest.xml:28:17-115
126                android:value="com.google.firebase.components.ComponentRegistrar" />
126-->[com.google.firebase:firebase-datatransport:18.1.7] AndroidManifest.xml:29:17-82
127        </service>
128        <service
128-->[:firebase_messaging] AndroidManifest.xml:16:9-19:72
129            android:name="io.flutter.plugins.firebase.messaging.FlutterFirebaseMessagingBackgroundService"
129-->[:firebase_messaging] AndroidManifest.xml:17:13-107
130            android:exported="false"
130-->[:firebase_messaging] AndroidManifest.xml:18:13-37
131            android:permission="android.permission.BIND_JOB_SERVICE" />
131-->[:firebase_messaging] AndroidManifest.xml:19:13-69
132        <service
132-->[:firebase_messaging] AndroidManifest.xml:20:9-26:19
133            android:name="io.flutter.plugins.firebase.messaging.FlutterFirebaseMessagingService"
133-->[:firebase_messaging] AndroidManifest.xml:21:13-97
134            android:exported="false" >
134-->[:firebase_messaging] AndroidManifest.xml:22:13-37
135            <intent-filter>
135-->[:firebase_messaging] AndroidManifest.xml:23:13-25:29
136                <action android:name="com.google.firebase.MESSAGING_EVENT" />
136-->[:firebase_messaging] AndroidManifest.xml:24:17-78
136-->[:firebase_messaging] AndroidManifest.xml:24:25-75
137            </intent-filter>
138        </service>
139
140        <receiver
140-->[:firebase_messaging] AndroidManifest.xml:28:9-35:20
141            android:name="io.flutter.plugins.firebase.messaging.FlutterFirebaseMessagingReceiver"
141-->[:firebase_messaging] AndroidManifest.xml:29:13-98
142            android:exported="true"
142-->[:firebase_messaging] AndroidManifest.xml:30:13-36
143            android:permission="com.google.android.c2dm.permission.SEND" >
143-->[:firebase_messaging] AndroidManifest.xml:31:13-73
144            <intent-filter>
144-->[:firebase_messaging] AndroidManifest.xml:32:13-34:29
145                <action android:name="com.google.android.c2dm.intent.RECEIVE" />
145-->[:firebase_messaging] AndroidManifest.xml:33:17-81
145-->[:firebase_messaging] AndroidManifest.xml:33:25-78
146            </intent-filter>
147        </receiver>
148
149        <provider
149-->[:firebase_messaging] AndroidManifest.xml:43:9-47:38
150            android:name="io.flutter.plugins.firebase.messaging.FlutterFirebaseMessagingInitProvider"
150-->[:firebase_messaging] AndroidManifest.xml:44:13-102
151            android:authorities="com.example.personal_assistant_app.flutterfirebasemessaginginitprovider"
151-->[:firebase_messaging] AndroidManifest.xml:45:13-88
152            android:exported="false"
152-->[:firebase_messaging] AndroidManifest.xml:46:13-37
153            android:initOrder="99" />
153-->[:firebase_messaging] AndroidManifest.xml:47:13-35
154
155        <receiver
155-->[:flutter_local_notifications] AndroidManifest.xml:16:9-18:40
156            android:name="com.dexterous.flutterlocalnotifications.ActionBroadcastReceiver"
156-->[:flutter_local_notifications] AndroidManifest.xml:17:13-91
157            android:exported="false" />
157-->[:flutter_local_notifications] AndroidManifest.xml:18:13-37
158        <receiver
158-->[:flutter_local_notifications] AndroidManifest.xml:19:9-21:40
159            android:name="com.dexterous.flutterlocalnotifications.ScheduledNotificationReceiver"
159-->[:flutter_local_notifications] AndroidManifest.xml:20:13-97
160            android:exported="false" />
160-->[:flutter_local_notifications] AndroidManifest.xml:21:13-37
161        <receiver
161-->[:flutter_local_notifications] AndroidManifest.xml:22:9-31:20
162            android:name="com.dexterous.flutterlocalnotifications.ScheduledNotificationBootReceiver"
162-->[:flutter_local_notifications] AndroidManifest.xml:23:13-101
163            android:exported="false" >
163-->[:flutter_local_notifications] AndroidManifest.xml:24:13-37
164            <intent-filter>
164-->[:flutter_local_notifications] AndroidManifest.xml:25:13-30:29
165                <action android:name="android.intent.action.BOOT_COMPLETED" />
165-->[:flutter_local_notifications] AndroidManifest.xml:26:17-79
165-->[:flutter_local_notifications] AndroidManifest.xml:26:25-76
166                <action android:name="android.intent.action.MY_PACKAGE_REPLACED" />
166-->[:flutter_local_notifications] AndroidManifest.xml:27:17-84
166-->[:flutter_local_notifications] AndroidManifest.xml:27:25-81
167                <action android:name="android.intent.action.QUICKBOOT_POWERON" />
167-->[:flutter_local_notifications] AndroidManifest.xml:28:17-82
167-->[:flutter_local_notifications] AndroidManifest.xml:28:25-79
168                <action android:name="com.htc.intent.action.QUICKBOOT_POWERON" />
168-->[:flutter_local_notifications] AndroidManifest.xml:29:17-82
168-->[:flutter_local_notifications] AndroidManifest.xml:29:25-79
169            </intent-filter>
170        </receiver>
171
172        <activity
172-->[com.google.firebase:firebase-auth:22.3.1] AndroidManifest.xml:29:9-46:20
173            android:name="com.google.firebase.auth.internal.GenericIdpActivity"
173-->[com.google.firebase:firebase-auth:22.3.1] AndroidManifest.xml:30:13-80
174            android:excludeFromRecents="true"
174-->[com.google.firebase:firebase-auth:22.3.1] AndroidManifest.xml:31:13-46
175            android:exported="true"
175-->[com.google.firebase:firebase-auth:22.3.1] AndroidManifest.xml:32:13-36
176            android:launchMode="singleTask"
176-->[com.google.firebase:firebase-auth:22.3.1] AndroidManifest.xml:33:13-44
177            android:theme="@android:style/Theme.Translucent.NoTitleBar" >
177-->[com.google.firebase:firebase-auth:22.3.1] AndroidManifest.xml:34:13-72
178            <intent-filter>
178-->[com.google.firebase:firebase-auth:22.3.1] AndroidManifest.xml:35:13-45:29
179                <action android:name="android.intent.action.VIEW" />
179-->[com.google.firebase:firebase-auth:22.3.1] AndroidManifest.xml:36:17-69
179-->[com.google.firebase:firebase-auth:22.3.1] AndroidManifest.xml:36:25-66
180
181                <category android:name="android.intent.category.DEFAULT" />
181-->[com.google.firebase:firebase-auth:22.3.1] AndroidManifest.xml:38:17-76
181-->[com.google.firebase:firebase-auth:22.3.1] AndroidManifest.xml:38:27-73
182                <category android:name="android.intent.category.BROWSABLE" />
182-->[com.google.firebase:firebase-auth:22.3.1] AndroidManifest.xml:39:17-78
182-->[com.google.firebase:firebase-auth:22.3.1] AndroidManifest.xml:39:27-75
183
184                <data
184-->src\main\AndroidManifest.xml:44:13-50
185                    android:host="firebase.auth"
186                    android:path="/"
187                    android:scheme="genericidp" />
188            </intent-filter>
189        </activity>
190        <activity
190-->[com.google.firebase:firebase-auth:22.3.1] AndroidManifest.xml:47:9-64:20
191            android:name="com.google.firebase.auth.internal.RecaptchaActivity"
191-->[com.google.firebase:firebase-auth:22.3.1] AndroidManifest.xml:48:13-79
192            android:excludeFromRecents="true"
192-->[com.google.firebase:firebase-auth:22.3.1] AndroidManifest.xml:49:13-46
193            android:exported="true"
193-->[com.google.firebase:firebase-auth:22.3.1] AndroidManifest.xml:50:13-36
194            android:launchMode="singleTask"
194-->[com.google.firebase:firebase-auth:22.3.1] AndroidManifest.xml:51:13-44
195            android:theme="@android:style/Theme.Translucent.NoTitleBar" >
195-->[com.google.firebase:firebase-auth:22.3.1] AndroidManifest.xml:52:13-72
196            <intent-filter>
196-->[com.google.firebase:firebase-auth:22.3.1] AndroidManifest.xml:53:13-63:29
197                <action android:name="android.intent.action.VIEW" />
197-->[com.google.firebase:firebase-auth:22.3.1] AndroidManifest.xml:36:17-69
197-->[com.google.firebase:firebase-auth:22.3.1] AndroidManifest.xml:36:25-66
198
199                <category android:name="android.intent.category.DEFAULT" />
199-->[com.google.firebase:firebase-auth:22.3.1] AndroidManifest.xml:38:17-76
199-->[com.google.firebase:firebase-auth:22.3.1] AndroidManifest.xml:38:27-73
200                <category android:name="android.intent.category.BROWSABLE" />
200-->[com.google.firebase:firebase-auth:22.3.1] AndroidManifest.xml:39:17-78
200-->[com.google.firebase:firebase-auth:22.3.1] AndroidManifest.xml:39:27-75
201
202                <data
202-->src\main\AndroidManifest.xml:44:13-50
203                    android:host="firebase.auth"
204                    android:path="/"
205                    android:scheme="recaptcha" />
206            </intent-filter>
207        </activity>
208
209        <receiver
209-->[com.google.firebase:firebase-messaging:23.4.1] AndroidManifest.xml:29:9-40:20
210            android:name="com.google.firebase.iid.FirebaseInstanceIdReceiver"
210-->[com.google.firebase:firebase-messaging:23.4.1] AndroidManifest.xml:30:13-78
211            android:exported="true"
211-->[com.google.firebase:firebase-messaging:23.4.1] AndroidManifest.xml:31:13-36
212            android:permission="com.google.android.c2dm.permission.SEND" >
212-->[com.google.firebase:firebase-messaging:23.4.1] AndroidManifest.xml:32:13-73
213            <intent-filter>
213-->[:firebase_messaging] AndroidManifest.xml:32:13-34:29
214                <action android:name="com.google.android.c2dm.intent.RECEIVE" />
214-->[:firebase_messaging] AndroidManifest.xml:33:17-81
214-->[:firebase_messaging] AndroidManifest.xml:33:25-78
215            </intent-filter>
216
217            <meta-data
217-->[com.google.firebase:firebase-messaging:23.4.1] AndroidManifest.xml:37:13-39:40
218                android:name="com.google.android.gms.cloudmessaging.FINISHED_AFTER_HANDLED"
218-->[com.google.firebase:firebase-messaging:23.4.1] AndroidManifest.xml:38:17-92
219                android:value="true" />
219-->[com.google.firebase:firebase-messaging:23.4.1] AndroidManifest.xml:39:17-37
220        </receiver>
221        <!--
222             FirebaseMessagingService performs security checks at runtime,
223             but set to not exported to explicitly avoid allowing another app to call it.
224        -->
225        <service
225-->[com.google.firebase:firebase-messaging:23.4.1] AndroidManifest.xml:46:9-53:19
226            android:name="com.google.firebase.messaging.FirebaseMessagingService"
226-->[com.google.firebase:firebase-messaging:23.4.1] AndroidManifest.xml:47:13-82
227            android:directBootAware="true"
227-->[com.google.firebase:firebase-messaging:23.4.1] AndroidManifest.xml:48:13-43
228            android:exported="false" >
228-->[com.google.firebase:firebase-messaging:23.4.1] AndroidManifest.xml:49:13-37
229            <intent-filter android:priority="-500" >
229-->[:firebase_messaging] AndroidManifest.xml:23:13-25:29
230                <action android:name="com.google.firebase.MESSAGING_EVENT" />
230-->[:firebase_messaging] AndroidManifest.xml:24:17-78
230-->[:firebase_messaging] AndroidManifest.xml:24:25-75
231            </intent-filter>
232        </service>
233
234        <provider
234-->[com.google.firebase:firebase-common:20.4.3] AndroidManifest.xml:23:9-28:39
235            android:name="com.google.firebase.provider.FirebaseInitProvider"
235-->[com.google.firebase:firebase-common:20.4.3] AndroidManifest.xml:24:13-77
236            android:authorities="com.example.personal_assistant_app.firebaseinitprovider"
236-->[com.google.firebase:firebase-common:20.4.3] AndroidManifest.xml:25:13-72
237            android:directBootAware="true"
237-->[com.google.firebase:firebase-common:20.4.3] AndroidManifest.xml:26:13-43
238            android:exported="false"
238-->[com.google.firebase:firebase-common:20.4.3] AndroidManifest.xml:27:13-37
239            android:initOrder="100" />
239-->[com.google.firebase:firebase-common:20.4.3] AndroidManifest.xml:28:13-36
240
241        <uses-library
241-->[androidx.window:window:1.0.0-beta04] AndroidManifest.xml:25:9-27:40
242            android:name="androidx.window.extensions"
242-->[androidx.window:window:1.0.0-beta04] AndroidManifest.xml:26:13-54
243            android:required="false" />
243-->[androidx.window:window:1.0.0-beta04] AndroidManifest.xml:27:13-37
244        <uses-library
244-->[androidx.window:window:1.0.0-beta04] AndroidManifest.xml:28:9-30:40
245            android:name="androidx.window.sidecar"
245-->[androidx.window:window:1.0.0-beta04] AndroidManifest.xml:29:13-51
246            android:required="false" />
246-->[androidx.window:window:1.0.0-beta04] AndroidManifest.xml:30:13-37
247
248        <activity
248-->[com.google.android.gms:play-services-base:18.1.0] AndroidManifest.xml:20:9-22:45
249            android:name="com.google.android.gms.common.api.GoogleApiActivity"
249-->[com.google.android.gms:play-services-base:18.1.0] AndroidManifest.xml:20:19-85
250            android:exported="false"
250-->[com.google.android.gms:play-services-base:18.1.0] AndroidManifest.xml:22:19-43
251            android:theme="@android:style/Theme.Translucent.NoTitleBar" />
251-->[com.google.android.gms:play-services-base:18.1.0] AndroidManifest.xml:21:19-78
252
253        <meta-data
253-->[com.google.android.gms:play-services-basement:18.3.0] AndroidManifest.xml:21:9-23:69
254            android:name="com.google.android.gms.version"
254-->[com.google.android.gms:play-services-basement:18.3.0] AndroidManifest.xml:22:13-58
255            android:value="@integer/google_play_services_version" />
255-->[com.google.android.gms:play-services-basement:18.3.0] AndroidManifest.xml:23:13-66
256
257        <service
257-->[com.google.android.datatransport:transport-backend-cct:3.1.8] AndroidManifest.xml:28:9-34:19
258            android:name="com.google.android.datatransport.runtime.backends.TransportBackendDiscovery"
258-->[com.google.android.datatransport:transport-backend-cct:3.1.8] AndroidManifest.xml:29:13-103
259            android:exported="false" >
259-->[com.google.android.datatransport:transport-backend-cct:3.1.8] AndroidManifest.xml:30:13-37
260            <meta-data
260-->[com.google.android.datatransport:transport-backend-cct:3.1.8] AndroidManifest.xml:31:13-33:39
261                android:name="backend:com.google.android.datatransport.cct.CctBackendFactory"
261-->[com.google.android.datatransport:transport-backend-cct:3.1.8] AndroidManifest.xml:32:17-94
262                android:value="cct" />
262-->[com.google.android.datatransport:transport-backend-cct:3.1.8] AndroidManifest.xml:33:17-36
263        </service>
264        <service
264-->[com.google.android.datatransport:transport-runtime:3.1.8] AndroidManifest.xml:26:9-30:19
265            android:name="com.google.android.datatransport.runtime.scheduling.jobscheduling.JobInfoSchedulerService"
265-->[com.google.android.datatransport:transport-runtime:3.1.8] AndroidManifest.xml:27:13-117
266            android:exported="false"
266-->[com.google.android.datatransport:transport-runtime:3.1.8] AndroidManifest.xml:28:13-37
267            android:permission="android.permission.BIND_JOB_SERVICE" >
267-->[com.google.android.datatransport:transport-runtime:3.1.8] AndroidManifest.xml:29:13-69
268        </service>
269
270        <receiver
270-->[com.google.android.datatransport:transport-runtime:3.1.8] AndroidManifest.xml:32:9-34:40
271            android:name="com.google.android.datatransport.runtime.scheduling.jobscheduling.AlarmManagerSchedulerBroadcastReceiver"
271-->[com.google.android.datatransport:transport-runtime:3.1.8] AndroidManifest.xml:33:13-132
272            android:exported="false" />
272-->[com.google.android.datatransport:transport-runtime:3.1.8] AndroidManifest.xml:34:13-37
273    </application>
274
275</manifest>